<?xml version="1.0" encoding="UTF-8" standalone="no"?>
<testsuite errors="0" failures="0" name="io.cucumber.core.plugin.JUnitFormatter" skipped="0" tests="1" time="11.542">
<testcase classname="This feature file talks about the Home page related scenarios" name="Login to the application with valid username and valid password" time="9.971">
<system-out><![CDATA[Given Launch the application................................................passed
When User clicks on SignIn..................................................passed
]]></system-out>
</testcase>
</testsuite>
